Current Working Module: EntryPoint
Info : Testing GameCurrent Working Module: CTextureDx9
Error : Can't get image info from fileCurrent Working Module: CTextureDx9
Error : Can't get image info from fileCurrent Working Module: CTextureDx9
Error : Can't get image info from fileCurrent Working Module: CTextureDx9
Error : Can't get image info from fileCurrent Working Module: CTextureDx9
Error : Can't get image info from fileCurrent Working Module: CTextureDx9
Error : Can't get image info from fileCurrent Working Module: CTextureDx9
Error : Can't get image info from fileCurrent Working Module: CTextureDx9
Error : Can't get image info from fileCurrent Working Module: CTextureDx9
Error : Can't get image info from fileCurrent Working Module: CTextureDx9
Error : Can't get image info from fileCurrent Working Module: CTextureDx9
Error : Can't get image info from fileCurrent Working Module: CTextureDx9
Error : Can't get image info from fileCurrent Working Module: CTextureDx9
Error : Can't get image info from fileCurrent Working Module: CTextureDx9
Error : Can't get image info from fileCurrent Working Module: CTextureDx9
Error : Can't get image info from fileCurrent Working Module: CTextureDx9
Error : Can't get image info from fileCurrent Working Module: CTextureDx9
Error : Can't get image info from fileCurrent Working Module: CTextureDx9
Error : Can't get image info from fileCurrent Working Module: CTextureDx9
Error : Can't get image info from fileCurrent Working Module: CTextureDx9
Error : Can't get image info from fileCurrent Working Module: CTextureDx9
Error : Can't get image info from fileCurrent Working Module: CTextureDx9
Error : Can't get image info from fileCurrent Working Module: CTextureDx9
Error : Can't get image info from fileCurrent Working Module: CTextureDx9
Error : Can't get image info from fileCurrent Working Module: CTextureDx9
Error : Can't get image info from fileCurrent Working Module: CTextureDx9
Error : Can't get image info from fileCurrent Working Module: CTextureDx9
Error : Can't get image info from fileCurrent Working Module: CTextureDx9
Error : Can't get image info from fileCurrent Working Module: CTextureDx9
Error : Can't get image info from fileCurrent Working Module: CTextureDx9
Error : Can't get image info from fileCurrent Working Module: CTextureDx9
Error : Can't get image info from fileCurrent Working Module: CTextureDx9
Error : Can't get image info from fileCurrent Working Module: CTextureDx9
Error : Can't get image info from fileCurrent Working Module: CTextureDx9
Error : Can't get image info from fileCurrent Working Module: CTextureDx9
Error : Can't get image info from fileCurrent Working Module: CTextureDx9
Error : Can't get image info from fileCurrent Working Module: CTextureDx9
Error : Can't get image info from fileCurrent Working Module: CTextureDx9
Error : Can't get image info from fileCurrent Working Module: CTextureDx9
Error : Can't get image info from fileCurrent Working Module: CTextureDx9
Error : Can't get image info from fileCurrent Working Module: CTextureDx9
Error : Can't get image info from fileCurrent Working Module: CTextureDx9
Error : Can't get image info from fileCurrent Working Module: CTextureDx9
Error : Can't get image info from fileCurrent Working Module: CTextureDx9
Error : Can't get image info from fileCurrent Working Module: CTextureDx9
Error : Can't get image info from fileCurrent Working Module: CTextureDx9
Error : Can't get image info from fileCurrent Working Module: CTextureDx9
Error : Can't get image info from fileCurrent Working Module: CTextureDx9
Error : Can't get image info from fileCurrent Working Module: CTextureDx9
Error : Can't get image info from fileCurrent Working Module: CTextureDx9
Error : Can't get image info from fileCurrent Working Module: CTextureDx9
Error : Can't get image info from fileCurrent Working Module: CTextureDx9
Error : Can't get image info from fileCurrent Working Module: CTextureDx9
Error : Can't get image info from fileCurrent Working Module: CTextureDx9
Error : Can't get image info from fileCurrent Working Module: CTextureDx9
Error : Can't get image info from fileCurrent Working Module: CTextureDx9
Error : Can't get image info from fileCurrent Working Module: CTextureDx9
Error : Can't get image info from fileCurrent Working Module: CTextureDx9
Error : Can't get image info from fileCurrent Working Module: CTextureDx9
Error : Can't get image info from fileCurrent Working Module: CTextureDx9
Error : Can't get image info from fileCurrent Working Module: CTextureDx9
Error : Can't get image info from fileCurrent Working Module: CTextureDx9
Error : Can't get image info from fileCurrent Working Module: CTextureDx9
Error : Can't get image info from fileCurrent Working Module: CTextureDx9
Error : Can't get image info from fileCurrent Working Module: CTextureDx9
Error : Can't get image info from fileCurrent Working Module: CTextureDx9
Error : Can't get image info from fileCurrent Working Module: CTextureDx9
Error : Can't get image info from fileCurrent Working Module: CTextureDx9
Error : Can't get image info from fileCurrent Working Module: CTextureDx9
Error : Can't get image info from fileCurrent Working Module: CTextureDx9
Error : Can't get image info from fileCurrent Working Module: CTextureDx9
Error : Can't get image info from fileCurrent Working Module: CTextureDx9
Error : Can't get image info from fileCurrent Working Module: CTextureDx9
Error : Can't get image info from fileCurrent Working Module: CTextureDx9
Error : Can't get image info from fileCurrent Working Module: CTextureDx9
Error : Can't get image info from fileCurrent Working Module: CTextureDx9
Error : Can't get image info from fileCurrent Working Module: CTextureDx9
Error : Can't get image info from fileCurrent Working Module: CTextureDx9
Error : Can't get image info from fileCurrent Working Module: CTextureDx9
Error : Can't get image info from fileCurrent Working Module: CTextureDx9
Error : Can't get image info from fileCurrent Working Module: CTextureDx9
Error : Can't get image info from fileCurrent Working Module: CTextureDx9
Error : Can't get image info from fileCurrent Working Module: CTextureDx9
Error : Can't get image info from fileCurrent Working Module: CTextureDx9
Error : Can't get image info from fileCurrent Working Module: CTextureDx9
Error : Can't get image info from fileCurrent Working Module: CTextureDx9
Error : Can't get image info from fileCurrent Working Module: LoadWaveToBuffer
Info : Can't Create Sound Buffer