Current Working Module: EntryPoint
Info : Testing GameCurrent Working Module: CInputDx9
Error : Can't Acquire KeyboardCurrent Working Module: CInputDx9
Error : Can't Acquire KeyboardCurrent Working Module: CTextureDx9
Error : can't load texture from fileCurrent Working Module: CTextureDx9
Error : can't load texture from fileCurrent Working Module: CTextureDx9
Error : can't load texture from fileCurrent Working Module: CTextureDx9
Error : can't load texture from fileCurrent Working Module: CTextureDx9
Error : can't load texture from fileCurrent Working Module: CTextureDx9
Error : can't load texture from fileCurrent Working Module: CTextureDx9
Error : can't load texture from fileCurrent Working Module: CTextureDx9
Error : can't load texture from fileCurrent Working Module: CTextureDx9
Error : can't load texture from fileCurrent Working Module: CTextureDx9
Error : can't load texture from fileCurrent Working Module: CTextureDx9
Error : can't load texture from fileCurrent Working Module: CTextureDx9
Error : can't load texture from fileCurrent Working Module: CTextureDx9
Error : can't load texture from fileCurrent Working Module: CTextureDx9
Error : can't load texture from fileCurrent Working Module: CTextureDx9
Error : can't load texture from fileCurrent Working Module: CTextureDx9
Error : can't load texture from fileCurrent Working Module: CTextureDx9
Error : can't load texture from fileCurrent Working Module: CTextureDx9
Error : can't load texture from fileCurrent Working Module: CTextureDx9
Error : can't load texture from fileCurrent Working Module: CTextureDx9
Error : can't load texture from fileCurrent Working Module: CTextureDx9
Error : can't load texture from fileCurrent Working Module: CTextureDx9
Error : can't load texture from fileCurrent Working Module: CTextureDx9
Error : can't load texture from fileCurrent Working Module: CTextureDx9
Error : can't load texture from fileCurrent Working Module: CTextureDx9
Error : can't load texture from fileCurrent Working Module: CTextureDx9
Error : can't load texture from fileCurrent Working Module: CTextureDx9
Error : can't load texture from fileCurrent Working Module: CTextureDx9
Error : can't load texture from fileCurrent Working Module: CTextureDx9
Error : can't load texture from fileCurrent Working Module: CTextureDx9
Error : can't load texture from fileCurrent Working Module: CTextureDx9
Error : can't load texture from fileCurrent Working Module: CTextureDx9
Error : can't load texture from fileCurrent Working Module: CTextureDx9
Error : can't load texture from fileCurrent Working Module: CTextureDx9
Error : can't load texture from fileCurrent Working Module: CTextureDx9
Error : can't load texture from fileCurrent Working Module: CTextureDx9
Error : can't load texture from fileCurrent Working Module: CTextureDx9
Error : can't load texture from fileCurrent Working Module: CTextureDx9
Error : can't load texture from fileCurrent Working Module: CTextureDx9
Error : can't load texture from fileCurrent Working Module: CTextureDx9
Error : can't load texture from fileCurrent Working Module: CTextureDx9
Error : can't load texture from fileCurrent Working Module: CTextureDx9
Error : can't load texture from fileCurrent Working Module: CTextureDx9
Error : can't load texture from fileCurrent Working Module: CTextureDx9
Error : can't load texture from fileCurrent Working Module: CTextureDx9
Error : can't load texture from fileCurrent Working Module: CTextureDx9
Error : can't load texture from fileCurrent Working Module: CTextureDx9
Error : can't load texture from fileCurrent Working Module: CTextureDx9
Error : can't load texture from fileCurrent Working Module: CTextureDx9
Error : can't load texture from fileCurrent Working Module: CTextureDx9
Error : can't load texture from fileCurrent Working Module: CTextureDx9
Error : can't load texture from fileCurrent Working Module: CTextureDx9
Error : can't load texture from fileCurrent Working Module: CTextureDx9
Error : can't load texture from fileCurrent Working Module: CTextureDx9
Error : can't load texture from fileCurrent Working Module: CTextureDx9
Error : can't load texture from fileCurrent Working Module: CTextureDx9
Error : can't load texture from fileCurrent Working Module: CTextureDx9
Error : can't load texture from fileCurrent Working Module: CTextureDx9
Error : can't load texture from fileCurrent Working Module: CTextureDx9
Error : can't load texture from fileCurrent Working Module: CTextureDx9
Error : can't load texture from fileCurrent Working Module: CTextureDx9
Error : can't load texture from fileCurrent Working Module: CTextureDx9
Error : can't load texture from fileCurrent Working Module: CTextureDx9
Error : can't load texture from fileCurrent Working Module: CTextureDx9
Error : can't load texture from fileCurrent Working Module: CTextureDx9
Error : can't load texture from fileCurrent Working Module: CTextureDx9
Error : can't load texture from fileCurrent Working Module: CTextureDx9
Error : can't load texture from file