[Date: 09-09-2014 / Time: 22:33:21]
Current Working Module: EntryPoint
Info : Testing Game

[Date: 09-09-2014 / Time: 22:33:21]
Current Working Module: CTextureDx9
Error : Can't get Image info frome file

[Date: 09-09-2014 / Time: 22:35:00]
Current Working Module: EntryPoint
Info : Testing Game

[Date: 09-09-2014 / Time: 22:35:00]
Current Working Module: CTextureDx9
Error : Can't get Image info frome file

[Date: 09-09-2014 / Time: 22:36:27]
Current Working Module: EntryPoint
Info : Testing Game

[Date: 09-09-2014 / Time: 22:36:27]
Current Working Module: CTextureDx9
Error : Can't get Image info frome file

[Date: 09-09-2014 / Time: 22:36:37]
Current Working Module: EntryPoint
Info : Testing Game

[Date: 09-09-2014 / Time: 22:36:38]
Current Working Module: CTextureDx9
Error : Can't get Image info frome file

[Date: 09-09-2014 / Time: 22:37:47]
Current Working Module: EntryPoint
Info : Testing Game

[Date: 09-09-2014 / Time: 22:37:47]
Current Working Module: CTextureDx9
Error : Can't get Image info frome file

[Date: 09-09-2014 / Time: 22:38:06]
Current Working Module: EntryPoint
Info : Testing Game

[Date: 09-09-2014 / Time: 22:38:06]
Current Working Module: CTextureDx9
Error : Can't get Image info frome file

[Date: 09-09-2014 / Time: 22:38:57]
Current Working Module: EntryPoint
Info : Testing Game

[Date: 09-09-2014 / Time: 22:38:57]
Current Working Module: CTextureDx9
Error : Can't get Image info frome file

[Date: 09-09-2014 / Time: 22:39:05]
Current Working Module: EntryPoint
Info : Testing Game

[Date: 09-09-2014 / Time: 22:39:05]
Current Working Module: CTextureDx9
Error : Can't get Image info frome file

[Date: 09-09-2014 / Time: 22:40:25]
Current Working Module: EntryPoint
Info : Testing Game

[Date: 09-09-2014 / Time: 22:40:39]
Current Working Module: EntryPoint
Info : Testing Game

[Date: 09-09-2014 / Time: 22:41:10]
Current Working Module: EntryPoint
Info : Testing Game

[Date: 09-09-2014 / Time: 22:41:10]
Current Working Module: CTextureDx9
Error : Can't get Image info frome file

[Date: 09-09-2014 / Time: 22:41:34]
Current Working Module: EntryPoint
Info : Testing Game

[Date: 09-09-2014 / Time: 22:41:34]
Current Working Module: CTextureDx9
Error : Can't get Image info frome file

[Date: 09-09-2014 / Time: 22:41:49]
Current Working Module: EntryPoint
Info : Testing Game

[Date: 09-09-2014 / Time: 22:41:49]
Current Working Module: CTextureDx9
Error : Can't get Image info frome file

[Date: 09-09-2014 / Time: 22:42:06]
Current Working Module: EntryPoint
Info : Testing Game

[Date: 09-09-2014 / Time: 22:42:06]
Current Working Module: CTextureDx9
Error : Can't get Image info frome file

[Date: 09-09-2014 / Time: 22:42:24]
Current Working Module: EntryPoint
Info : Testing Game

