Build started 9/9/2014 10:42:22 PM.
     1>Project "C:\Users\Tran\Desktop\etn-contra-game\MyGame\SolutionContraGame\ContraGame\ContraGame.vcxproj" on node 2 (Build target(s)).
     1>ClCompile:
         C:\Program Files (x86)\Microsoft Visual Studio 11.0\VC\bin\CL.exe /c /ZI /nologo /W3 /WX- /sdl /Od /Oy- /D _CRT_SECURE_NO_WARNINGS /D _MBCS /Gm /EHsc /RTC1 /MDd /GS /fp:precise /Zc:wchar_t /Zc:forScope /Fo"Debug\\" /Fd"Debug\vc110.pdb" /Gd /TP /analyze- /errorReport:prompt CGame.cpp
         CGame.cpp
     1>c:\users\tran\desktop\etn-contra-game\mygame\solutioncontragame\contragame\spriteeffect.h(19): warning C4244: '=' : conversion from 'LONG' to 'float', possible loss of data
     1>c:\users\tran\desktop\etn-contra-game\mygame\solutioncontragame\contragame\spriteeffect.h(30): warning C4244: '=' : conversion from 'LONG' to 'float', possible loss of data
         should not include d3dtypes.h when compiling for DX8 or newer interfaces
       Link:
         C:\Program Files (x86)\Microsoft Visual Studio 11.0\VC\bin\link.exe /ERRORREPORT:PROMPT /OUT:"C:\Users\Tran\Desktop\etn-contra-game\MyGame\SolutionContraGame\Debug\ContraGame.exe" /INCREMENTAL /NOLOGO d3dx9.lib d3d9.lib kernel32.lib user32.lib gdi32.lib winspool.lib comdlg32.lib advapi32.lib shell32.lib ole32.lib oleaut32.lib uuid.lib odbc32.lib odbccp32.lib kernel32.lib user32.lib gdi32.lib winspool.lib comdlg32.lib advapi32.lib shell32.lib ole32.lib oleaut32.lib uuid.lib odbc32.lib odbccp32.lib /MANIFEST /MANIFESTUAC:"level='asInvoker' uiAccess='false'" /manifest:embed /DEBUG /PDB:"C:\Users\Tran\Desktop\etn-contra-game\MyGame\SolutionContraGame\Debug\ContraGame.pdb" /TLBID:1 /DYNAMICBASE /NXCOMPAT /IMPLIB:"C:\Users\Tran\Desktop\etn-contra-game\MyGame\SolutionContraGame\Debug\ContraGame.lib" /MACHINE:X86 Debug\CAnimationDx9.obj
         Debug\CGame.obj
         Debug\CGameLog.obj
         Debug\CGameTimeDx9.obj
         Debug\CGlobal.obj
         Debug\CSpriteDx9.obj
         Debug\CSurfaceDx9.obj
         Debug\CTextureDx9.obj
         Debug\CTimeSpan.obj
         Debug\EntryPoint.obj
         Debug\RectangleDx9.obj
         Debug\SpriteEffect.obj
         Debug\Vector.obj
         ContraGame.vcxproj -> C:\Users\Tran\Desktop\etn-contra-game\MyGame\SolutionContraGame\Debug\ContraGame.exe
     1>Done Building Project "C:\Users\Tran\Desktop\etn-contra-game\MyGame\SolutionContraGame\ContraGame\ContraGame.vcxproj" (Build target(s)).

Build succeeded.

Time Elapsed 00:00:01.96
